c:\users\mrcla\downloads\keyauth-imgui-example-main\keyauth-imgui-example-main\x64\release\vc142.pdb
c:\users\mrcla\downloads\keyauth-imgui-example-main\keyauth-imgui-example-main\x64\release\imgui_widgets.obj
c:\users\mrcla\downloads\keyauth-imgui-example-main\keyauth-imgui-example-main\x64\release\imgui_tables.obj
c:\users\mrcla\downloads\keyauth-imgui-example-main\keyauth-imgui-example-main\x64\release\imgui_impl_win32.obj
c:\users\mrcla\downloads\keyauth-imgui-example-main\keyauth-imgui-example-main\x64\release\imgui_impl_dx9.obj
c:\users\mrcla\downloads\keyauth-imgui-example-main\keyauth-imgui-example-main\x64\release\imgui_draw.obj
c:\users\mrcla\downloads\keyauth-imgui-example-main\keyauth-imgui-example-main\x64\release\imgui_demo.obj
c:\users\mrcla\downloads\keyauth-imgui-example-main\keyauth-imgui-example-main\x64\release\imgui.obj
c:\users\mrcla\downloads\keyauth-imgui-example-main\keyauth-imgui-example-main\x64\release\main.obj
c:\users\mrcla\downloads\keyauth-imgui-example-main\keyauth-imgui-example-main\x64\release\immunity.ipdb
c:\users\mrcla\downloads\keyauth-imgui-example-main\keyauth-imgui-example-main\x64\release\immunity.iobj
c:\users\mrcla\downloads\keyauth-imgui-example-main\keyauth-imgui-example-main\x64\release\immunity.exe
c:\users\mrcla\downloads\keyauth-imgui-example-main\keyauth-imgui-example-main\x64\release\immunity.res
c:\users\mrcla\downloads\keyauth-imgui-example-main\keyauth-imgui-example-main\x64\release\immunity.tlog\cl.command.1.tlog
c:\users\mrcla\downloads\keyauth-imgui-example-main\keyauth-imgui-example-main\x64\release\immunity.tlog\cl.read.1.tlog
c:\users\mrcla\downloads\keyauth-imgui-example-main\keyauth-imgui-example-main\x64\release\immunity.tlog\cl.write.1.tlog
c:\users\mrcla\downloads\keyauth-imgui-example-main\keyauth-imgui-example-main\x64\release\immunity.tlog\immunity.write.1u.tlog
c:\users\mrcla\downloads\keyauth-imgui-example-main\keyauth-imgui-example-main\x64\release\immunity.tlog\link.command.1.tlog
c:\users\mrcla\downloads\keyauth-imgui-example-main\keyauth-imgui-example-main\x64\release\immunity.tlog\link.read.1.tlog
c:\users\mrcla\downloads\keyauth-imgui-example-main\keyauth-imgui-example-main\x64\release\immunity.tlog\link.write.1.tlog
c:\users\mrcla\downloads\keyauth-imgui-example-main\keyauth-imgui-example-main\x64\release\immunity.tlog\rc.command.1.tlog
c:\users\mrcla\downloads\keyauth-imgui-example-main\keyauth-imgui-example-main\x64\release\immunity.tlog\rc.read.1.tlog
c:\users\mrcla\downloads\keyauth-imgui-example-main\keyauth-imgui-example-main\x64\release\immunity.tlog\rc.write.1.tlog
